<?xml version="1.0" encoding="UTF-8"?>
<!-- Generated by org.testng.reporters.JUnitReportReporter -->
<testsuite skipped="0" hostname="DESKTOP-VGPU1VB" name="egain.tests.SurveyTests" tests="10" failures="0" timestamp="2020-12-06T21:30:36 IST" time="112.344" errors="0">
  <testcase name="sampleTestCaseForEgain" time="10.278" classname="egain.tests.SurveyTests"/>
  <system-out/>
  <testcase name="sampleTestCaseForEgain" time="9.872" classname="egain.tests.SurveyTests"/>
  <system-out/>
  <testcase name="sampleTestCaseForEgain" time="9.894" classname="egain.tests.SurveyTests"/>
  <system-out/>
  <testcase name="sampleTestCaseForEgain" time="9.141" classname="egain.tests.SurveyTests"/>
  <system-out/>
  <testcase name="sampleTestCaseForEgain" time="10.456" classname="egain.tests.SurveyTests"/>
  <system-out/>
  <testcase name="sampleTestCaseForEgain" time="11.479" classname="egain.tests.SurveyTests"/>
  <system-out/>
  <testcase name="sampleTestCaseForEgain" time="10.702" classname="egain.tests.SurveyTests"/>
  <system-out/>
  <testcase name="sampleTestCaseForEgain" time="11.035" classname="egain.tests.SurveyTests"/>
  <system-out/>
  <testcase name="sampleTestCaseForEgain" time="16.846" classname="egain.tests.SurveyTests"/>
  <system-out/>
  <testcase name="sampleTestCaseForEgain" time="12.641" classname="egain.tests.SurveyTests"/>
  <system-out/>
</testsuite> <!-- egain.tests.SurveyTests -->
